2022-06-25 13:28:54 [restartedMain] INFO  o.r.rightrx.RightrxApplication - Starting RightrxApplication using Java 18 on BuddyDell with PID 15272 (C:\Users\rodne\OneDrive\Documents\TekSystemsRepo\Rightrx\target\classes started by rodne in C:\Users\rodne\OneDrive\Documents\TekSystemsRepo\rightrx)
2022-06-25 13:28:54 [restartedMain] DEBUG o.r.rightrx.RightrxApplication - Running with Spring Boot v2.7.0, Spring v5.3.20
2022-06-25 13:28:54 [restartedMain] INFO  o.r.rightrx.RightrxApplication - No active profile set, falling back to 1 default profile: "default"
2022-06-25 13:28:55 [restartedMain] DEBUG o.r.r.filter.JWTAuthorizationFilter - Filter 'JWTAuthorizationFilter' configured for use
2022-06-25 13:28:56 [restartedMain] INFO  o.r.rightrx.RightrxApplication - Started RightrxApplication in 2.136 seconds (JVM running for 2.501)
2022-06-25 13:32:23 [http-nio-8080-exec-2] ERROR o.r.r.s.i.UserServiceImpl - User was not found.rodney
2022-06-25 13:32:24 [http-nio-8080-exec-2] ERROR o.r.r.exception.ExceptionHandling - Bad credentials
2022-06-25 13:34:30 [http-nio-8080-exec-4] ERROR o.r.r.exception.ExceptionHandling - Username already exists.
2022-06-25 13:34:43 [http-nio-8080-exec-6] INFO  o.r.r.controller.UserController - New user was created.
2022-06-25 13:35:49 [http-nio-8080-exec-10] INFO  o.r.r.s.i.UserServiceImpl - Returning found user by usernameusername5
2022-06-25 13:35:49 [http-nio-8080-exec-10] INFO  o.r.r.controller.UserController - User logged in.
2022-06-25 13:43:08 [http-nio-8080-exec-1] ERROR o.r.r.exception.ExceptionHandling - No handler found for GET /
2022-06-25 13:44:03 [http-nio-8080-exec-2] ERROR o.r.r.exception.ExceptionHandling - No handler found for GET /
2022-06-25 13:44:10 [http-nio-8080-exec-3] ERROR o.r.r.exception.ExceptionHandling - No handler found for GET /user
2022-06-25 13:44:12 [http-nio-8080-exec-4] ERROR o.r.r.exception.ExceptionHandling - No handler found for GET /user
2022-06-25 13:44:27 [http-nio-8080-exec-5] ERROR o.r.r.exception.ExceptionHandling - No handler found for GET /user
2022-06-25 13:44:34 [restartedMain] INFO  o.r.rightrx.RightrxApplication - Starting RightrxApplication using Java 18 on BuddyDell with PID 13464 (C:\Users\rodne\OneDrive\Documents\TekSystemsRepo\Rightrx\target\classes started by rodne in C:\Users\rodne\OneDrive\Documents\TekSystemsRepo\rightrx)
2022-06-25 13:44:34 [restartedMain] DEBUG o.r.rightrx.RightrxApplication - Running with Spring Boot v2.7.0, Spring v5.3.20
2022-06-25 13:44:34 [restartedMain] INFO  o.r.rightrx.RightrxApplication - No active profile set, falling back to 1 default profile: "default"
2022-06-25 13:44:35 [restartedMain] DEBUG o.r.r.filter.JWTAuthorizationFilter - Filter 'JWTAuthorizationFilter' configured for use
2022-06-25 13:44:36 [restartedMain] INFO  o.r.rightrx.RightrxApplication - Started RightrxApplication in 2.152 seconds (JVM running for 2.536)
2022-06-25 13:45:32 [restartedMain] INFO  o.r.rightrx.RightrxApplication - Starting RightrxApplication using Java 18 on BuddyDell with PID 17580 (C:\Users\rodne\OneDrive\Documents\TekSystemsRepo\Rightrx\target\classes started by rodne in C:\Users\rodne\OneDrive\Documents\TekSystemsRepo\rightrx)
2022-06-25 13:45:32 [restartedMain] DEBUG o.r.rightrx.RightrxApplication - Running with Spring Boot v2.7.0, Spring v5.3.20
2022-06-25 13:45:32 [restartedMain] INFO  o.r.rightrx.RightrxApplication - No active profile set, falling back to 1 default profile: "default"
2022-06-25 13:45:33 [restartedMain] DEBUG o.r.r.filter.JWTAuthorizationFilter - Filter 'JWTAuthorizationFilter' configured for use
2022-06-25 13:45:34 [restartedMain] INFO  o.r.rightrx.RightrxApplication - Started RightrxApplication in 2.088 seconds (JVM running for 2.445)
2022-06-25 13:45:54 [http-nio-8080-exec-1] ERROR o.r.r.exception.ExceptionHandling - No handler found for GET /user
2022-06-25 13:46:03 [http-nio-8080-exec-2] ERROR o.r.r.exception.ExceptionHandling - Request method 'GET' not supported
2022-06-25 13:48:27 [restartedMain] INFO  o.r.rightrx.RightrxApplication - Starting RightrxApplication using Java 18 on BuddyDell with PID 16772 (C:\Users\rodne\OneDrive\Documents\TekSystemsRepo\Rightrx\target\classes started by rodne in C:\Users\rodne\OneDrive\Documents\TekSystemsRepo\rightrx)
2022-06-25 13:48:27 [restartedMain] DEBUG o.r.rightrx.RightrxApplication - Running with Spring Boot v2.7.0, Spring v5.3.20
2022-06-25 13:48:27 [restartedMain] INFO  o.r.rightrx.RightrxApplication - No active profile set, falling back to 1 default profile: "default"
2022-06-25 13:48:28 [restartedMain] DEBUG o.r.r.filter.JWTAuthorizationFilter - Filter 'JWTAuthorizationFilter' configured for use
2022-06-25 13:48:29 [restartedMain] INFO  o.r.rightrx.RightrxApplication - Started RightrxApplication in 2.108 seconds (JVM running for 2.468)
